# JRE version: Java(TM) SE Runtime Environment (8.0_161-b12) (build 1.8.0_161-b12)
# Java VM: Java HotSpot(TM) 64-Bit Server VM (25.161-b12 mixed mode windows-amd64 compressed oops)
Heap:
 PSYoungGen      total 908800K, used 62571K [0x000000076b400000, 0x00000007b1d00000, 0x00000007c0000000)
  eden space 852992K, 1% used [0x000000076b400000,0x000000076c4672d8,0x000000079f500000)
  from space 55808K, 82% used [0x000000079f500000,0x00000007a21b3b68,0x00000007a2b80000)
  to   space 60416K, 0% used [0x00000007ae200000,0x00000007ae200000,0x00000007b1d00000)
 ParOldGen       total 304128K, used 217681K [0x00000006c1c00000, 0x00000006d4500000, 0x000000076b400000)
  object space 304128K, 71% used [0x00000006c1c00000,0x00000006cf094688,0x00000006d4500000)
 Metaspace       used 45145K, capacity 45528K, committed 45696K, reserved 1089536K
  class space    used 6355K, capacity 6509K, committed 6528K, reserved 1048576K
GC Heap History (10 events):
Event: 16.251 GC heap before
{Heap before GC invocations=22 (full 3):
 PSYoungGen      total 626176K, used 581632K [0x000000076b400000, 0x0000000794900000, 0x00000007c0000000)
  eden space 581632K, 100% used [0x000000076b400000,0x000000078ec00000,0x000000078ec00000)
  from space 44544K, 0% used [0x0000000791d80000,0x0000000791d80000,0x0000000794900000)
  to   space 47616K, 0% used [0x000000078ec00000,0x000000078ec00000,0x0000000791a80000)
 ParOldGen       total 304128K, used 122857K [0x00000006c1c00000, 0x00000006d4500000, 0x000000076b400000)
  object space 304128K, 40% used [0x00000006c1c00000,0x00000006c93fa538,0x00000006d4500000)
 Metaspace       used 44658K, capacity 45058K, committed 45440K, reserved 1087488K
  class space    used 6265K, capacity 6404K, committed 6528K, reserved 1048576K
Event: 16.265 GC heap after
Heap after GC invocations=22 (full 3):
 PSYoungGen      total 629248K, used 33121K [0x000000076b400000, 0x000000079c700000, 0x00000007c0000000)
  eden space 581632K, 0% used [0x000000076b400000,0x000000076b400000,0x000000078ec00000)
  from space 47616K, 69% used [0x000000078ec00000,0x0000000790c58670,0x0000000791a80000)
  to   space 49664K, 0% used [0x0000000799680000,0x0000000799680000,0x000000079c700000)
 ParOldGen       total 304128K, used 122865K [0x00000006c1c00000, 0x00000006d4500000, 0x000000076b400000)
  object space 304128K, 40% used [0x00000006c1c00000,0x00000006c93fc538,0x00000006d4500000)
 Metaspace       used 44658K, capacity 45058K, committed 45440K, reserved 1087488K
  class space    used 6265K, capacity 6404K, committed 6528K, reserved 1048576K
}
Event: 17.810 GC heap before
{Heap before GC invocations=23 (full 3):
 PSYoungGen      total 629248K, used 614753K [0x000000076b400000, 0x000000079c700000, 0x00000007c0000000)
  eden space 581632K, 100% used [0x000000076b400000,0x000000078ec00000,0x000000078ec00000)
  from space 47616K, 69% used [0x000000078ec00000,0x0000000790c58670,0x0000000791a80000)
  to   space 49664K, 0% used [0x0000000799680000,0x0000000799680000,0x000000079c700000)
 ParOldGen       total 304128K, used 122865K [0x00000006c1c00000, 0x00000006d4500000, 0x000000076b400000)
  object space 304128K, 40% used [0x00000006c1c00000,0x00000006c93fc538,0x00000006d4500000)
 Metaspace       used 44660K, capacity 45058K, committed 45440K, reserved 1087488K
  class space    used 6265K, capacity 6404K, committed 6528K, reserved 1048576K
Event: 17.829 GC heap after
Heap after GC invocations=23 (full 3):
 PSYoungGen      total 754688K, used 33350K [0x000000076b400000, 0x000000079c980000, 0x00000007c0000000)
  eden space 705024K, 0% used [0x000000076b400000,0x000000076b400000,0x0000000796480000)
  from space 49664K, 67% used [0x0000000799680000,0x000000079b7118f0,0x000000079c700000)
  to   space 51200K, 0% used [0x0000000796480000,0x0000000796480000,0x0000000799680000)
 ParOldGen       total 304128K, used 146009K [0x00000006c1c00000, 0x00000006d4500000, 0x000000076b400000)
  object space 304128K, 48% used [0x00000006c1c00000,0x00000006caa96538,0x00000006d4500000)
 Metaspace       used 44660K, capacity 45058K, committed 45440K, reserved 1087488K
  class space    used 6265K, capacity 6404K, committed 6528K, reserved 1048576K
}
Event: 19.645 GC heap before
{Heap before GC invocations=24 (full 3):
 PSYoungGen      total 754688K, used 738374K [0x000000076b400000, 0x000000079c980000, 0x00000007c0000000)
  eden space 705024K, 100% used [0x000000076b400000,0x0000000796480000,0x0000000796480000)
  from space 49664K, 67% used [0x0000000799680000,0x000000079b7118f0,0x000000079c700000)
  to   space 51200K, 0% used [0x0000000796480000,0x0000000796480000,0x0000000799680000)
 ParOldGen       total 304128K, used 146012K [0x00000006c1c00000, 0x00000006d4500000, 0x000000076b400000)
  object space 304128K, 48% used [0x00000006c1c00000,0x00000006caa97180,0x00000006d4500000)
 Metaspace       used 44678K, capacity 45058K, committed 45440K, reserved 1087488K
  class space    used 6265K, capacity 6404K, committed 6528K, reserved 1048576K
Event: 19.667 GC heap after
Heap after GC invocations=24 (full 3):
 PSYoungGen      total 756224K, used 38713K [0x000000076b400000, 0x00000007a6080000, 0x00000007c0000000)
  eden space 705024K, 0% used [0x000000076b400000,0x000000076b400000,0x0000000796480000)
  from space 51200K, 75% used [0x0000000796480000,0x0000000798a4e4b0,0x0000000799680000)
  to   space 54272K, 0% used [0x00000007a2b80000,0x00000007a2b80000,0x00000007a6080000)
 ParOldGen       total 304128K, used 167716K [0x00000006c1c00000, 0x00000006d4500000, 0x000000076b400000)
  object space 304128K, 55% used [0x00000006c1c00000,0x00000006cbfc9180,0x00000006d4500000)
 Metaspace       used 44678K, capacity 45058K, committed 45440K, reserved 1087488K
  class space    used 6265K, capacity 6404K, committed 6528K, reserved 1048576K
}
Event: 21.492 GC heap before
{Heap before GC invocations=25 (full 3):
 PSYoungGen      total 756224K, used 743737K [0x000000076b400000, 0x00000007a6080000, 0x00000007c0000000)
  eden space 705024K, 100% used [0x000000076b400000,0x0000000796480000,0x0000000796480000)
  from space 51200K, 75% used [0x0000000796480000,0x0000000798a4e4b0,0x0000000799680000)
  to   space 54272K, 0% used [0x00000007a2b80000,0x00000007a2b80000,0x00000007a6080000)
 ParOldGen       total 304128K, used 167717K [0x00000006c1c00000, 0x00000006d4500000, 0x000000076b400000)
  object space 304128K, 55% used [0x00000006c1c00000,0x00000006cbfc9738,0x00000006d4500000)
 Metaspace       used 45127K, capacity 45528K, committed 45696K, reserved 1089536K
  class space    used 6355K, capacity 6509K, committed 6528K, reserved 1048576K
Event: 21.515 GC heap after
Heap after GC invocations=25 (full 3):
 PSYoungGen      total 907264K, used 37382K [0x000000076b400000, 0x00000007a6380000, 0x00000007c0000000)
  eden space 852992K, 0% used [0x000000076b400000,0x000000076b400000,0x000000079f500000)
  from space 54272K, 68% used [0x00000007a2b80000,0x00000007a5001b70,0x00000007a6080000)
  to   space 55808K, 0% used [0x000000079f500000,0x000000079f500000,0x00000007a2b80000)
 ParOldGen       total 304128K, used 194125K [0x00000006c1c00000, 0x00000006d4500000, 0x000000076b400000)
  object space 304128K, 63% used [0x00000006c1c00000,0x00000006cd993678,0x00000006d4500000)
 Metaspace       used 45127K, capacity 45528K, committed 45696K, reserved 1089536K
  class space    used 6355K, capacity 6509K, committed 6528K, reserved 1048576K
}
Event: 23.689 GC heap before
{Heap before GC invocations=26 (full 3):
 PSYoungGen      total 907264K, used 890374K [0x000000076b400000, 0x00000007a6380000, 0x00000007c0000000)
  eden space 852992K, 100% used [0x000000076b400000,0x000000079f500000,0x000000079f500000)
  from space 54272K, 68% used [0x00000007a2b80000,0x00000007a5001b70,0x00000007a6080000)
  to   space 55808K, 0% used [0x000000079f500000,0x000000079f500000,0x00000007a2b80000)
 ParOldGen       total 304128K, used 194125K [0x00000006c1c00000, 0x00000006d4500000, 0x000000076b400000)
  object space 304128K, 63% used [0x00000006c1c00000,0x00000006cd993678,0x00000006d4500000)
 Metaspace       used 45145K, capacity 45528K, committed 45696K, reserved 1089536K
  class space    used 6355K, capacity 6509K, committed 6528K, reserved 1048576K
Event: 23.719 GC heap after
Heap after GC invocations=26 (full 3):
 PSYoungGen      total 908800K, used 45774K [0x000000076b400000, 0x00000007b1d00000, 0x00000007c0000000)
  eden space 852992K, 0% used [0x000000076b400000,0x000000076b400000,0x000000079f500000)
  from space 55808K, 82% used [0x000000079f500000,0x00000007a21b3b68,0x00000007a2b80000)
  to   space 60416K, 0% used [0x00000007ae200000,0x00000007ae200000,0x00000007b1d00000)
 ParOldGen       total 304128K, used 217681K [0x00000006c1c00000, 0x00000006d4500000, 0x000000076b400000)
  object space 304128K, 71% used [0x00000006c1c00000,0x00000006cf094688,0x00000006d4500000)
 Metaspace       used 45145K, capacity 45528K, committed 45696K, reserved 1089536K
  class space    used 6355K, capacity 6509K, committed 6528K, reserved 1048576K
}

