# JRE version: Java(TM) SE Runtime Environment (8.0_161-b12) (build 1.8.0_161-b12)
# Java VM: Java HotSpot(TM) 64-Bit Server VM (25.161-b12 mixed mode windows-amd64 compressed oops)
Heap:
 PSYoungGen      total 508928K, used 39882K [0x000000076b400000, 0x0000000793800000, 0x00000007c0000000)
  eden space 462848K, 2% used [0x000000076b400000,0x000000076c1462d8,0x0000000787800000)
  from space 46080K, 57% used [0x0000000787800000,0x00000007891ac7f0,0x000000078a500000)
  to   space 45568K, 0% used [0x0000000790b80000,0x0000000790b80000,0x0000000793800000)
 ParOldGen       total 150016K, used 122590K [0x00000006c1c00000, 0x00000006cae80000, 0x000000076b400000)
  object space 150016K, 81% used [0x00000006c1c00000,0x00000006c93b7a90,0x00000006cae80000)
 Metaspace       used 44648K, capacity 45058K, committed 45440K, reserved 1087488K
  class space    used 6266K, capacity 6404K, committed 6528K, reserved 1048576K
GC Heap History (10 events):
Event: 10.104 GC heap before
{Heap before GC invocations=17 (full 2):
 PSYoungGen      total 317440K, used 317381K [0x000000076b400000, 0x0000000780e00000, 0x00000007c0000000)
  eden space 292864K, 100% used [0x000000076b400000,0x000000077d200000,0x000000077d200000)
  from space 24576K, 99% used [0x000000077ed80000,0x0000000780571628,0x0000000780580000)
  to   space 28160K, 0% used [0x000000077d200000,0x000000077d200000,0x000000077ed80000)
 ParOldGen       total 150016K, used 40792K [0x00000006c1c00000, 0x00000006cae80000, 0x000000076b400000)
  object space 150016K, 27% used [0x00000006c1c00000,0x00000006c43d6038,0x00000006cae80000)
 Metaspace       used 44447K, capacity 44802K, committed 45184K, reserved 1087488K
  class space    used 6260K, capacity 6404K, committed 6528K, reserved 1048576K
Event: 10.117 GC heap after
Heap after GC invocations=17 (full 2):
 PSYoungGen      total 321024K, used 28141K [0x000000076b400000, 0x0000000787400000, 0x00000007c0000000)
  eden space 292864K, 0% used [0x000000076b400000,0x000000076b400000,0x000000077d200000)
  from space 28160K, 99% used [0x000000077d200000,0x000000077ed7b5e8,0x000000077ed80000)
  to   space 35840K, 0% used [0x0000000785100000,0x0000000785100000,0x0000000787400000)
 ParOldGen       total 150016K, used 50167K [0x00000006c1c00000, 0x00000006cae80000, 0x000000076b400000)
  object space 150016K, 33% used [0x00000006c1c00000,0x00000006c4cfdc78,0x00000006cae80000)
 Metaspace       used 44447K, capacity 44802K, committed 45184K, reserved 1087488K
  class space    used 6260K, capacity 6404K, committed 6528K, reserved 1048576K
}
Event: 10.911 GC heap before
{Heap before GC invocations=18 (full 2):
 PSYoungGen      total 321024K, used 321005K [0x000000076b400000, 0x0000000787400000, 0x00000007c0000000)
  eden space 292864K, 100% used [0x000000076b400000,0x000000077d200000,0x000000077d200000)
  from space 28160K, 99% used [0x000000077d200000,0x000000077ed7b5e8,0x000000077ed80000)
  to   space 35840K, 0% used [0x0000000785100000,0x0000000785100000,0x0000000787400000)
 ParOldGen       total 150016K, used 50167K [0x00000006c1c00000, 0x00000006cae80000, 0x000000076b400000)
  object space 150016K, 33% used [0x00000006c1c00000,0x00000006c4cfdc78,0x00000006cae80000)
 Metaspace       used 44543K, capacity 44930K, committed 45184K, reserved 1087488K
  class space    used 6260K, capacity 6404K, committed 6528K, reserved 1048576K
Event: 10.924 GC heap after
Heap after GC invocations=18 (full 2):
 PSYoungGen      total 413696K, used 35833K [0x000000076b400000, 0x0000000788780000, 0x00000007c0000000)
  eden space 377856K, 0% used [0x000000076b400000,0x000000076b400000,0x0000000782500000)
  from space 35840K, 99% used [0x0000000785100000,0x00000007873fe5f0,0x0000000787400000)
  to   space 45056K, 0% used [0x0000000782500000,0x0000000782500000,0x0000000785100000)
 ParOldGen       total 150016K, used 59398K [0x00000006c1c00000, 0x00000006cae80000, 0x000000076b400000)
  object space 150016K, 39% used [0x00000006c1c00000,0x00000006c5601a90,0x00000006cae80000)
 Metaspace       used 44543K, capacity 44930K, committed 45184K, reserved 1087488K
  class space    used 6260K, capacity 6404K, committed 6528K, reserved 1048576K
}
Event: 11.927 GC heap before
{Heap before GC invocations=19 (full 2):
 PSYoungGen      total 413696K, used 413689K [0x000000076b400000, 0x0000000788780000, 0x00000007c0000000)
  eden space 377856K, 100% used [0x000000076b400000,0x0000000782500000,0x0000000782500000)
  from space 35840K, 99% used [0x0000000785100000,0x00000007873fe5f0,0x0000000787400000)
  to   space 45056K, 0% used [0x0000000782500000,0x0000000782500000,0x0000000785100000)
 ParOldGen       total 150016K, used 59398K [0x00000006c1c00000, 0x00000006cae80000, 0x000000076b400000)
  object space 150016K, 39% used [0x00000006c1c00000,0x00000006c5601a90,0x00000006cae80000)
 Metaspace       used 44558K, capacity 44930K, committed 45184K, reserved 1087488K
  class space    used 6260K, capacity 6404K, committed 6528K, reserved 1048576K
Event: 11.943 GC heap after
Heap after GC invocations=19 (full 2):
 PSYoungGen      total 422912K, used 32971K [0x000000076b400000, 0x000000078d400000, 0x00000007c0000000)
  eden space 377856K, 0% used [0x000000076b400000,0x000000076b400000,0x0000000782500000)
  from space 45056K, 73% used [0x0000000782500000,0x0000000784532d38,0x0000000785100000)
  to   space 48128K, 0% used [0x000000078a500000,0x000000078a500000,0x000000078d400000)
 ParOldGen       total 150016K, used 80942K [0x00000006c1c00000, 0x00000006cae80000, 0x000000076b400000)
  object space 150016K, 53% used [0x00000006c1c00000,0x00000006c6b0ba90,0x00000006cae80000)
 Metaspace       used 44558K, capacity 44930K, committed 45184K, reserved 1087488K
  class space    used 6260K, capacity 6404K, committed 6528K, reserved 1048576K
}
Event: 12.935 GC heap before
{Heap before GC invocations=20 (full 2):
 PSYoungGen      total 422912K, used 410827K [0x000000076b400000, 0x000000078d400000, 0x00000007c0000000)
  eden space 377856K, 100% used [0x000000076b400000,0x0000000782500000,0x0000000782500000)
  from space 45056K, 73% used [0x0000000782500000,0x0000000784532d38,0x0000000785100000)
  to   space 48128K, 0% used [0x000000078a500000,0x000000078a500000,0x000000078d400000)
 ParOldGen       total 150016K, used 80942K [0x00000006c1c00000, 0x00000006cae80000, 0x000000076b400000)
  object space 150016K, 53% used [0x00000006c1c00000,0x00000006c6b0ba90,0x00000006cae80000)
 Metaspace       used 44610K, capacity 44930K, committed 45184K, reserved 1087488K
  class space    used 6266K, capacity 6404K, committed 6528K, reserved 1048576K
Event: 12.957 GC heap after
Heap after GC invocations=20 (full 2):
 PSYoungGen      total 510976K, used 21811K [0x000000076b400000, 0x000000078d400000, 0x00000007c0000000)
  eden space 462848K, 0% used [0x000000076b400000,0x000000076b400000,0x0000000787800000)
  from space 48128K, 45% used [0x000000078a500000,0x000000078ba4ce68,0x000000078d400000)
  to   space 46080K, 0% used [0x0000000787800000,0x0000000787800000,0x000000078a500000)
 ParOldGen       total 150016K, used 108198K [0x00000006c1c00000, 0x00000006cae80000, 0x000000076b400000)
  object space 150016K, 72% used [0x00000006c1c00000,0x00000006c85a9a90,0x00000006cae80000)
 Metaspace       used 44610K, capacity 44930K, committed 45184K, reserved 1087488K
  class space    used 6266K, capacity 6404K, committed 6528K, reserved 1048576K
}
Event: 14.192 GC heap before
{Heap before GC invocations=21 (full 2):
 PSYoungGen      total 510976K, used 484659K [0x000000076b400000, 0x000000078d400000, 0x00000007c0000000)
  eden space 462848K, 100% used [0x000000076b400000,0x0000000787800000,0x0000000787800000)
  from space 48128K, 45% used [0x000000078a500000,0x000000078ba4ce68,0x000000078d400000)
  to   space 46080K, 0% used [0x0000000787800000,0x0000000787800000,0x000000078a500000)
 ParOldGen       total 150016K, used 108198K [0x00000006c1c00000, 0x00000006cae80000, 0x000000076b400000)
  object space 150016K, 72% used [0x00000006c1c00000,0x00000006c85a9a90,0x00000006cae80000)
 Metaspace       used 44648K, capacity 45058K, committed 45440K, reserved 1087488K
  class space    used 6266K, capacity 6404K, committed 6528K, reserved 1048576K
Event: 14.211 GC heap after
Heap after GC invocations=21 (full 2):
 PSYoungGen      total 508928K, used 26289K [0x000000076b400000, 0x0000000793800000, 0x00000007c0000000)
  eden space 462848K, 0% used [0x000000076b400000,0x000000076b400000,0x0000000787800000)
  from space 46080K, 57% used [0x0000000787800000,0x00000007891ac7f0,0x000000078a500000)
  to   space 45568K, 0% used [0x0000000790b80000,0x0000000790b80000,0x0000000793800000)
 ParOldGen       total 150016K, used 122590K [0x00000006c1c00000, 0x00000006cae80000, 0x000000076b400000)
  object space 150016K, 81% used [0x00000006c1c00000,0x00000006c93b7a90,0x00000006cae80000)
 Metaspace       used 44648K, capacity 45058K, committed 45440K, reserved 1087488K
  class space    used 6266K, capacity 6404K, committed 6528K, reserved 1048576K
}

