# JRE version: Java(TM) SE Runtime Environment (8.0_161-b12) (build 1.8.0_161-b12)
# Java VM: Java HotSpot(TM) 64-Bit Server VM (25.161-b12 mixed mode windows-amd64 compressed oops)
Heap:
 PSYoungGen      total 498688K, used 38155K [0x000000076b400000, 0x0000000793300000, 0x00000007c0000000)
  eden space 439808K, 2% used [0x000000076b400000,0x000000076c0ae918,0x0000000786180000)
  from space 58880K, 42% used [0x0000000786180000,0x0000000787a14340,0x0000000789b00000)
  to   space 55296K, 0% used [0x000000078fd00000,0x000000078fd00000,0x0000000793300000)
 ParOldGen       total 180224K, used 134709K [0x00000006c1c00000, 0x00000006ccc00000, 0x000000076b400000)
  object space 180224K, 74% used [0x00000006c1c00000,0x00000006c9f8d7c8,0x00000006ccc00000)
 Metaspace       used 45135K, capacity 45528K, committed 45696K, reserved 1089536K
  class space    used 6355K, capacity 6509K, committed 6528K, reserved 1048576K
GC Heap History (10 events):
Event: 25.175 GC heap before
{Heap before GC invocations=19 (full 2):
 PSYoungGen      total 326656K, used 326486K [0x000000076b400000, 0x0000000782580000, 0x00000007c0000000)
  eden space 293376K, 100% used [0x000000076b400000,0x000000077d280000,0x000000077d280000)
  from space 33280K, 99% used [0x000000077f800000,0x0000000781855918,0x0000000781880000)
  to   space 38400K, 0% used [0x000000077d280000,0x000000077d280000,0x000000077f800000)
 ParOldGen       total 180224K, used 49505K [0x00000006c1c00000, 0x00000006ccc00000, 0x000000076b400000)
  object space 180224K, 27% used [0x00000006c1c00000,0x00000006c4c58668,0x00000006ccc00000)
 Metaspace       used 45067K, capacity 45528K, committed 45696K, reserved 1089536K
  class space    used 6355K, capacity 6509K, committed 6528K, reserved 1048576K
Event: 25.202 GC heap after
Heap after GC invocations=19 (full 2):
 PSYoungGen      total 331776K, used 38373K [0x000000076b400000, 0x0000000787200000, 0x00000007c0000000)
  eden space 293376K, 0% used [0x000000076b400000,0x000000076b400000,0x000000077d280000)
  from space 38400K, 99% used [0x000000077d280000,0x000000077f7f9600,0x000000077f800000)
  to   space 47616K, 0% used [0x0000000784380000,0x0000000784380000,0x0000000787200000)
 ParOldGen       total 180224K, used 57373K [0x00000006c1c00000, 0x00000006ccc00000, 0x000000076b400000)
  object space 180224K, 31% used [0x00000006c1c00000,0x00000006c54077c8,0x00000006ccc00000)
 Metaspace       used 45067K, capacity 45528K, committed 45696K, reserved 1089536K
  class space    used 6355K, capacity 6509K, committed 6528K, reserved 1048576K
}
Event: 26.879 GC heap before
{Heap before GC invocations=20 (full 2):
 PSYoungGen      total 331776K, used 331749K [0x000000076b400000, 0x0000000787200000, 0x00000007c0000000)
  eden space 293376K, 100% used [0x000000076b400000,0x000000077d280000,0x000000077d280000)
  from space 38400K, 99% used [0x000000077d280000,0x000000077f7f9600,0x000000077f800000)
  to   space 47616K, 0% used [0x0000000784380000,0x0000000784380000,0x0000000787200000)
 ParOldGen       total 180224K, used 57373K [0x00000006c1c00000, 0x00000006ccc00000, 0x000000076b400000)
  object space 180224K, 31% used [0x00000006c1c00000,0x00000006c54077c8,0x00000006ccc00000)
 Metaspace       used 45072K, capacity 45528K, committed 45696K, reserved 1089536K
  class space    used 6355K, capacity 6509K, committed 6528K, reserved 1048576K
Event: 26.908 GC heap after
Heap after GC invocations=20 (full 2):
 PSYoungGen      total 403456K, used 42176K [0x000000076b400000, 0x0000000787e80000, 0x00000007c0000000)
  eden space 355840K, 0% used [0x000000076b400000,0x000000076b400000,0x0000000780f80000)
  from space 47616K, 88% used [0x0000000784380000,0x0000000786cb0098,0x0000000787200000)
  to   space 53248K, 0% used [0x0000000780f80000,0x0000000780f80000,0x0000000784380000)
 ParOldGen       total 180224K, used 66677K [0x00000006c1c00000, 0x00000006ccc00000, 0x000000076b400000)
  object space 180224K, 36% used [0x00000006c1c00000,0x00000006c5d1d7c8,0x00000006ccc00000)
 Metaspace       used 45072K, capacity 45528K, committed 45696K, reserved 1089536K
  class space    used 6355K, capacity 6509K, committed 6528K, reserved 1048576K
}
Event: 28.830 GC heap before
{Heap before GC invocations=21 (full 2):
 PSYoungGen      total 403456K, used 398016K [0x000000076b400000, 0x0000000787e80000, 0x00000007c0000000)
  eden space 355840K, 100% used [0x000000076b400000,0x0000000780f80000,0x0000000780f80000)
  from space 47616K, 88% used [0x0000000784380000,0x0000000786cb0098,0x0000000787200000)
  to   space 53248K, 0% used [0x0000000780f80000,0x0000000780f80000,0x0000000784380000)
 ParOldGen       total 180224K, used 66677K [0x00000006c1c00000, 0x00000006ccc00000, 0x000000076b400000)
  object space 180224K, 36% used [0x00000006c1c00000,0x00000006c5d1d7c8,0x00000006ccc00000)
 Metaspace       used 45086K, capacity 45528K, committed 45696K, reserved 1089536K
  class space    used 6355K, capacity 6509K, committed 6528K, reserved 1048576K
Event: 28.860 GC heap after
Heap after GC invocations=21 (full 2):
 PSYoungGen      total 409088K, used 43033K [0x000000076b400000, 0x000000078d400000, 0x00000007c0000000)
  eden space 355840K, 0% used [0x000000076b400000,0x000000076b400000,0x0000000780f80000)
  from space 53248K, 80% used [0x0000000780f80000,0x0000000783986568,0x0000000784380000)
  to   space 58368K, 0% used [0x0000000789b00000,0x0000000789b00000,0x000000078d400000)
 ParOldGen       total 180224K, used 81917K [0x00000006c1c00000, 0x00000006ccc00000, 0x000000076b400000)
  object space 180224K, 45% used [0x00000006c1c00000,0x00000006c6bff7c8,0x00000006ccc00000)
 Metaspace       used 45086K, capacity 45528K, committed 45696K, reserved 1089536K
  class space    used 6355K, capacity 6509K, committed 6528K, reserved 1048576K
}
Event: 30.915 GC heap before
{Heap before GC invocations=22 (full 2):
 PSYoungGen      total 409088K, used 398873K [0x000000076b400000, 0x000000078d400000, 0x00000007c0000000)
  eden space 355840K, 100% used [0x000000076b400000,0x0000000780f80000,0x0000000780f80000)
  from space 53248K, 80% used [0x0000000780f80000,0x0000000783986568,0x0000000784380000)
  to   space 58368K, 0% used [0x0000000789b00000,0x0000000789b00000,0x000000078d400000)
 ParOldGen       total 180224K, used 81917K [0x00000006c1c00000, 0x00000006ccc00000, 0x000000076b400000)
  object space 180224K, 45% used [0x00000006c1c00000,0x00000006c6bff7c8,0x00000006ccc00000)
 Metaspace       used 45095K, capacity 45528K, committed 45696K, reserved 1089536K
  class space    used 6355K, capacity 6509K, committed 6528K, reserved 1048576K
Event: 30.948 GC heap after
Heap after GC invocations=22 (full 2):
 PSYoungGen      total 498176K, used 34276K [0x000000076b400000, 0x000000078d600000, 0x00000007c0000000)
  eden space 439808K, 0% used [0x000000076b400000,0x000000076b400000,0x0000000786180000)
  from space 58368K, 58% used [0x0000000789b00000,0x000000078bc792a0,0x000000078d400000)
  to   space 58880K, 0% used [0x0000000786180000,0x0000000786180000,0x0000000789b00000)
 ParOldGen       total 180224K, used 106125K [0x00000006c1c00000, 0x00000006ccc00000, 0x000000076b400000)
  object space 180224K, 58% used [0x00000006c1c00000,0x00000006c83a37c8,0x00000006ccc00000)
 Metaspace       used 45095K, capacity 45528K, committed 45696K, reserved 1089536K
  class space    used 6355K, capacity 6509K, committed 6528K, reserved 1048576K
}
Event: 33.472 GC heap before
{Heap before GC invocations=23 (full 2):
 PSYoungGen      total 498176K, used 474084K [0x000000076b400000, 0x000000078d600000, 0x00000007c0000000)
  eden space 439808K, 100% used [0x000000076b400000,0x0000000786180000,0x0000000786180000)
  from space 58368K, 58% used [0x0000000789b00000,0x000000078bc792a0,0x000000078d400000)
  to   space 58880K, 0% used [0x0000000786180000,0x0000000786180000,0x0000000789b00000)
 ParOldGen       total 180224K, used 106125K [0x00000006c1c00000, 0x00000006ccc00000, 0x000000076b400000)
  object space 180224K, 58% used [0x00000006c1c00000,0x00000006c83a37c8,0x00000006ccc00000)
 Metaspace       used 45135K, capacity 45528K, committed 45696K, reserved 1089536K
  class space    used 6355K, capacity 6509K, committed 6528K, reserved 1048576K
Event: 33.503 GC heap after
Heap after GC invocations=23 (full 2):
 PSYoungGen      total 498688K, used 25168K [0x000000076b400000, 0x0000000793300000, 0x00000007c0000000)
  eden space 439808K, 0% used [0x000000076b400000,0x000000076b400000,0x0000000786180000)
  from space 58880K, 42% used [0x0000000786180000,0x0000000787a14340,0x0000000789b00000)
  to   space 55296K, 0% used [0x000000078fd00000,0x000000078fd00000,0x0000000793300000)
 ParOldGen       total 180224K, used 134709K [0x00000006c1c00000, 0x00000006ccc00000, 0x000000076b400000)
  object space 180224K, 74% used [0x00000006c1c00000,0x00000006c9f8d7c8,0x00000006ccc00000)
 Metaspace       used 45135K, capacity 45528K, committed 45696K, reserved 1089536K
  class space    used 6355K, capacity 6509K, committed 6528K, reserved 1048576K
}

