# JRE version: Java(TM) SE Runtime Environment (8.0_161-b12) (build 1.8.0_161-b12)
# Java VM: Java HotSpot(TM) 64-Bit Server VM (25.161-b12 mixed mode windows-amd64 compressed oops)
Heap:
 PSYoungGen      total 704512K, used 50123K [0x000000076b400000, 0x0000000799600000, 0x00000007c0000000)
  eden space 658944K, 2% used [0x000000076b400000,0x000000076c6ef900,0x0000000793780000)
  from space 45568K, 67% used [0x0000000796500000,0x0000000798303358,0x0000000799180000)
  to   space 46592K, 0% used [0x0000000793780000,0x0000000793780000,0x0000000796500000)
 ParOldGen       total 335872K, used 156891K [0x00000006c1c00000, 0x00000006d6400000, 0x000000076b400000)
  object space 335872K, 46% used [0x00000006c1c00000,0x00000006cb536e38,0x00000006d6400000)
 Metaspace       used 44667K, capacity 45058K, committed 45440K, reserved 1087488K
  class space    used 6265K, capacity 6404K, committed 6528K, reserved 1048576K
GC Heap History (10 events):
Event: 14.895 GC heap before
{Heap before GC invocations=21 (full 2):
 PSYoungGen      total 492544K, used 471998K [0x000000076b400000, 0x000000078c200000, 0x00000007c0000000)
  eden space 450560K, 100% used [0x000000076b400000,0x0000000786c00000,0x0000000786c00000)
  from space 41984K, 51% used [0x0000000789900000,0x000000078adefb88,0x000000078c200000)
  to   space 44032K, 0% used [0x0000000786c00000,0x0000000786c00000,0x0000000789700000)
 ParOldGen       total 147456K, used 103322K [0x00000006c1c00000, 0x00000006cac00000, 0x000000076b400000)
  object space 147456K, 70% used [0x00000006c1c00000,0x00000006c80e6950,0x00000006cac00000)
 Metaspace       used 44640K, capacity 45058K, committed 45440K, reserved 1087488K
  class space    used 6265K, capacity 6404K, committed 6528K, reserved 1048576K
Event: 14.914 GC heap after
Heap after GC invocations=21 (full 2):
 PSYoungGen      total 494592K, used 25596K [0x000000076b400000, 0x0000000791f80000, 0x00000007c0000000)
  eden space 450560K, 0% used [0x000000076b400000,0x000000076b400000,0x0000000786c00000)
  from space 44032K, 58% used [0x0000000786c00000,0x00000007884ff0b8,0x0000000789700000)
  to   space 44032K, 0% used [0x000000078f480000,0x000000078f480000,0x0000000791f80000)
 ParOldGen       total 147456K, used 117354K [0x00000006c1c00000, 0x00000006cac00000, 0x000000076b400000)
  object space 147456K, 79% used [0x00000006c1c00000,0x00000006c8e9a950,0x00000006cac00000)
 Metaspace       used 44640K, capacity 45058K, committed 45440K, reserved 1087488K
  class space    used 6265K, capacity 6404K, committed 6528K, reserved 1048576K
}
Event: 16.170 GC heap before
{Heap before GC invocations=22 (full 2):
 PSYoungGen      total 494592K, used 476156K [0x000000076b400000, 0x0000000791f80000, 0x00000007c0000000)
  eden space 450560K, 100% used [0x000000076b400000,0x0000000786c00000,0x0000000786c00000)
  from space 44032K, 58% used [0x0000000786c00000,0x00000007884ff0b8,0x0000000789700000)
  to   space 44032K, 0% used [0x000000078f480000,0x000000078f480000,0x0000000791f80000)
 ParOldGen       total 147456K, used 117354K [0x00000006c1c00000, 0x00000006cac00000, 0x000000076b400000)
  object space 147456K, 79% used [0x00000006c1c00000,0x00000006c8e9a950,0x00000006cac00000)
 Metaspace       used 44650K, capacity 45058K, committed 45440K, reserved 1087488K
  class space    used 6265K, capacity 6404K, committed 6528K, reserved 1048576K
Event: 16.185 GC heap after
Heap after GC invocations=22 (full 2):
 PSYoungGen      total 587264K, used 25860K [0x000000076b400000, 0x0000000791e00000, 0x00000007c0000000)
  eden space 544768K, 0% used [0x000000076b400000,0x000000076b400000,0x000000078c800000)
  from space 42496K, 60% used [0x000000078f480000,0x0000000790dc1250,0x0000000791e00000)
  to   space 44032K, 0% used [0x000000078c800000,0x000000078c800000,0x000000078f300000)
 ParOldGen       total 147456K, used 134930K [0x00000006c1c00000, 0x00000006cac00000, 0x000000076b400000)
  object space 147456K, 91% used [0x00000006c1c00000,0x00000006c9fc4950,0x00000006cac00000)
 Metaspace       used 44650K, capacity 45058K, committed 45440K, reserved 1087488K
  class space    used 6265K, capacity 6404K, committed 6528K, reserved 1048576K
}
Event: 16.185 GC heap before
{Heap before GC invocations=23 (full 3):
 PSYoungGen      total 587264K, used 25860K [0x000000076b400000, 0x0000000791e00000, 0x00000007c0000000)
  eden space 544768K, 0% used [0x000000076b400000,0x000000076b400000,0x000000078c800000)
  from space 42496K, 60% used [0x000000078f480000,0x0000000790dc1250,0x0000000791e00000)
  to   space 44032K, 0% used [0x000000078c800000,0x000000078c800000,0x000000078f300000)
 ParOldGen       total 147456K, used 134930K [0x00000006c1c00000, 0x00000006cac00000, 0x000000076b400000)
  object space 147456K, 91% used [0x00000006c1c00000,0x00000006c9fc4950,0x00000006cac00000)
 Metaspace       used 44650K, capacity 45058K, committed 45440K, reserved 1087488K
  class space    used 6265K, capacity 6404K, committed 6528K, reserved 1048576K
Event: 16.290 GC heap after
Heap after GC invocations=23 (full 3):
 PSYoungGen      total 587264K, used 0K [0x000000076b400000, 0x0000000791e00000, 0x00000007c0000000)
  eden space 544768K, 0% used [0x000000076b400000,0x000000076b400000,0x000000078c800000)
  from space 42496K, 0% used [0x000000078f480000,0x000000078f480000,0x0000000791e00000)
  to   space 44032K, 0% used [0x000000078c800000,0x000000078c800000,0x000000078f300000)
 ParOldGen       total 335872K, used 134560K [0x00000006c1c00000, 0x00000006d6400000, 0x000000076b400000)
  object space 335872K, 40% used [0x00000006c1c00000,0x00000006c9f68328,0x00000006d6400000)
 Metaspace       used 44650K, capacity 45058K, committed 45440K, reserved 1087488K
  class space    used 6265K, capacity 6404K, committed 6528K, reserved 1048576K
}
Event: 17.716 GC heap before
{Heap before GC invocations=24 (full 3):
 PSYoungGen      total 587264K, used 544768K [0x000000076b400000, 0x0000000791e00000, 0x00000007c0000000)
  eden space 544768K, 100% used [0x000000076b400000,0x000000078c800000,0x000000078c800000)
  from space 42496K, 0% used [0x000000078f480000,0x000000078f480000,0x0000000791e00000)
  to   space 44032K, 0% used [0x000000078c800000,0x000000078c800000,0x000000078f300000)
 ParOldGen       total 335872K, used 134560K [0x00000006c1c00000, 0x00000006d6400000, 0x000000076b400000)
  object space 335872K, 40% used [0x00000006c1c00000,0x00000006c9f68328,0x00000006d6400000)
 Metaspace       used 44651K, capacity 45058K, committed 45440K, reserved 1087488K
  class space    used 6265K, capacity 6404K, committed 6528K, reserved 1048576K
Event: 17.730 GC heap after
Heap after GC invocations=24 (full 3):
 PSYoungGen      total 588800K, used 31648K [0x000000076b400000, 0x0000000799180000, 0x00000007c0000000)
  eden space 544768K, 0% used [0x000000076b400000,0x000000076b400000,0x000000078c800000)
  from space 44032K, 71% used [0x000000078c800000,0x000000078e6e8158,0x000000078f300000)
  to   space 45568K, 0% used [0x0000000796500000,0x0000000796500000,0x0000000799180000)
 ParOldGen       total 335872K, used 134560K [0x00000006c1c00000, 0x00000006d6400000, 0x000000076b400000)
  object space 335872K, 40% used [0x00000006c1c00000,0x00000006c9f68328,0x00000006d6400000)
 Metaspace       used 44651K, capacity 45058K, committed 45440K, reserved 1087488K
  class space    used 6265K, capacity 6404K, committed 6528K, reserved 1048576K
}
Event: 19.195 GC heap before
{Heap before GC invocations=25 (full 3):
 PSYoungGen      total 588800K, used 576416K [0x000000076b400000, 0x0000000799180000, 0x00000007c0000000)
  eden space 544768K, 100% used [0x000000076b400000,0x000000078c800000,0x000000078c800000)
  from space 44032K, 71% used [0x000000078c800000,0x000000078e6e8158,0x000000078f300000)
  to   space 45568K, 0% used [0x0000000796500000,0x0000000796500000,0x0000000799180000)
 ParOldGen       total 335872K, used 134560K [0x00000006c1c00000, 0x00000006d6400000, 0x000000076b400000)
  object space 335872K, 40% used [0x00000006c1c00000,0x00000006c9f68328,0x00000006d6400000)
 Metaspace       used 44667K, capacity 45058K, committed 45440K, reserved 1087488K
  class space    used 6265K, capacity 6404K, committed 6528K, reserved 1048576K
Event: 19.217 GC heap after
Heap after GC invocations=25 (full 3):
 PSYoungGen      total 704512K, used 30732K [0x000000076b400000, 0x0000000799600000, 0x00000007c0000000)
  eden space 658944K, 0% used [0x000000076b400000,0x000000076b400000,0x0000000793780000)
  from space 45568K, 67% used [0x0000000796500000,0x0000000798303358,0x0000000799180000)
  to   space 46592K, 0% used [0x0000000793780000,0x0000000793780000,0x0000000796500000)
 ParOldGen       total 335872K, used 156891K [0x00000006c1c00000, 0x00000006d6400000, 0x000000076b400000)
  object space 335872K, 46% used [0x00000006c1c00000,0x00000006cb536e38,0x00000006d6400000)
 Metaspace       used 44667K, capacity 45058K, committed 45440K, reserved 1087488K
  class space    used 6265K, capacity 6404K, committed 6528K, reserved 1048576K
}

